# JRE version: OpenJDK Runtime Environment (8.0_242-b01) (build 1.8.0_242-release-1644-b01)
# Java VM: OpenJDK 64-Bit Server VM (25.242-b01 mixed mode windows-amd64 compressed oops)
Heap:
 PSYoungGen      total 558592K, used 344609K [0x00000000d5580000, 0x00000000ffd80000, 0x0000000100000000)
  eden space 422912K, 63% used [0x00000000d5580000,0x00000000e5c93810,0x00000000ef280000)
  from space 135680K, 55% used [0x00000000f7900000,0x00000000fc289938,0x00000000ffd80000)
  to   space 136704K, 0% used [0x00000000ef280000,0x00000000ef280000,0x00000000f7800000)
 ParOldGen       total 275456K, used 173962K [0x0000000080000000, 0x0000000090d00000, 0x00000000d5580000)
  object space 275456K, 63% used [0x0000000080000000,0x000000008a9e2830,0x0000000090d00000)
 Metaspace       used 232266K, capacity 243448K, committed 243672K, reserved 1261568K
  class space    used 28681K, capacity 30553K, committed 30680K, reserved 1048576K
GC Heap History (10 events):
Event: 2689.726 GC heap before
{Heap before GC invocations=62 (full 8):
 PSYoungGen      total 495104K, used 99319K [0x00000000d5580000, 0x0000000100000000, 0x0000000100000000)
  eden space 395776K, 0% used [0x00000000d5580000,0x00000000d5580000,0x00000000ed800000)
  from space 99328K, 99% used [0x00000000f9f00000,0x00000000ffffdd10,0x0000000100000000)
  to   space 151552K, 0% used [0x00000000ed800000,0x00000000ed800000,0x00000000f6c00000)
 ParOldGen       total 275456K, used 230416K [0x0000000080000000, 0x0000000090d00000, 0x00000000d5580000)
  object space 275456K, 83% used [0x0000000080000000,0x000000008e1041b0,0x0000000090d00000)
 Metaspace       used 196367K, capacity 206448K, committed 207832K, reserved 1230848K
  class space    used 24177K, capacity 25833K, committed 26072K, reserved 1048576K
Event: 2692.772 GC heap after
Heap after GC invocations=62 (full 8):
 PSYoungGen      total 495104K, used 0K [0x00000000d5580000, 0x0000000100000000, 0x0000000100000000)
  eden space 395776K, 0% used [0x00000000d5580000,0x00000000d5580000,0x00000000ed800000)
  from space 99328K, 0% used [0x00000000f9f00000,0x00000000f9f00000,0x0000000100000000)
  to   space 151552K, 0% used [0x00000000ed800000,0x00000000ed800000,0x00000000f6c00000)
 ParOldGen       total 275456K, used 173930K [0x0000000080000000, 0x0000000090d00000, 0x00000000d5580000)
  object space 275456K, 63% used [0x0000000080000000,0x000000008a9da830,0x0000000090d00000)
 Metaspace       used 196367K, capacity 206448K, committed 207832K, reserved 1230848K
  class space    used 24177K, capacity 25833K, committed 26072K, reserved 1048576K
}
Event: 2704.848 GC heap before
{Heap before GC invocations=63 (full 8):
 PSYoungGen      total 495104K, used 395776K [0x00000000d5580000, 0x0000000100000000, 0x0000000100000000)
  eden space 395776K, 100% used [0x00000000d5580000,0x00000000ed800000,0x00000000ed800000)
  from space 99328K, 0% used [0x00000000f9f00000,0x00000000f9f00000,0x0000000100000000)
  to   space 151552K, 0% used [0x00000000ed800000,0x00000000ed800000,0x00000000f6c00000)
 ParOldGen       total 275456K, used 173930K [0x0000000080000000, 0x0000000090d00000, 0x00000000d5580000)
  object space 275456K, 63% used [0x0000000080000000,0x000000008a9da830,0x0000000090d00000)
 Metaspace       used 204340K, capacity 214452K, committed 215640K, reserved 1239040K
  class space    used 25046K, capacity 26709K, committed 26968K, reserved 1048576K
Event: 2705.006 GC heap after
Heap after GC invocations=63 (full 8):
 PSYoungGen      total 547328K, used 67124K [0x00000000d5580000, 0x0000000100000000, 0x0000000100000000)
  eden space 395776K, 0% used [0x00000000d5580000,0x00000000d5580000,0x00000000ed800000)
  from space 151552K, 44% used [0x00000000ed800000,0x00000000f198d1d0,0x00000000f6c00000)
  to   space 146432K, 0% used [0x00000000f7100000,0x00000000f7100000,0x0000000100000000)
 ParOldGen       total 275456K, used 173938K [0x0000000080000000, 0x0000000090d00000, 0x00000000d5580000)
  object space 275456K, 63% used [0x0000000080000000,0x000000008a9dc830,0x0000000090d00000)
 Metaspace       used 204340K, capacity 214452K, committed 215640K, reserved 1239040K
  class space    used 25046K, capacity 26709K, committed 26968K, reserved 1048576K
}
Event: 2713.359 GC heap before
{Heap before GC invocations=64 (full 8):
 PSYoungGen      total 547328K, used 462900K [0x00000000d5580000, 0x0000000100000000, 0x0000000100000000)
  eden space 395776K, 100% used [0x00000000d5580000,0x00000000ed800000,0x00000000ed800000)
  from space 151552K, 44% used [0x00000000ed800000,0x00000000f198d1d0,0x00000000f6c00000)
  to   space 146432K, 0% used [0x00000000f7100000,0x00000000f7100000,0x0000000100000000)
 ParOldGen       total 275456K, used 173938K [0x0000000080000000, 0x0000000090d00000, 0x00000000d5580000)
  object space 275456K, 63% used [0x0000000080000000,0x000000008a9dc830,0x0000000090d00000)
 Metaspace       used 209478K, capacity 219610K, committed 220632K, reserved 1243136K
  class space    used 25723K, capacity 27410K, committed 27608K, reserved 1048576K
Event: 2713.439 GC heap after
Heap after GC invocations=64 (full 8):
 PSYoungGen      total 524800K, used 54330K [0x00000000d5580000, 0x00000000fea00000, 0x0000000100000000)
  eden space 400896K, 0% used [0x00000000d5580000,0x00000000d5580000,0x00000000edd00000)
  from space 123904K, 43% used [0x00000000f7100000,0x00000000fa60eb00,0x00000000fea00000)
  to   space 137728K, 0% used [0x00000000edd00000,0x00000000edd00000,0x00000000f6380000)
 ParOldGen       total 275456K, used 173946K [0x0000000080000000, 0x0000000090d00000, 0x00000000d5580000)
  object space 275456K, 63% used [0x0000000080000000,0x000000008a9de830,0x0000000090d00000)
 Metaspace       used 209478K, capacity 219610K, committed 220632K, reserved 1243136K
  class space    used 25723K, capacity 27410K, committed 27608K, reserved 1048576K
}
Event: 2715.941 GC heap before
{Heap before GC invocations=65 (full 8):
 PSYoungGen      total 524800K, used 455226K [0x00000000d5580000, 0x00000000fea00000, 0x0000000100000000)
  eden space 400896K, 100% used [0x00000000d5580000,0x00000000edd00000,0x00000000edd00000)
  from space 123904K, 43% used [0x00000000f7100000,0x00000000fa60eb00,0x00000000fea00000)
  to   space 137728K, 0% used [0x00000000edd00000,0x00000000edd00000,0x00000000f6380000)
 ParOldGen       total 275456K, used 173946K [0x0000000080000000, 0x0000000090d00000, 0x00000000d5580000)
  object space 275456K, 63% used [0x0000000080000000,0x000000008a9de830,0x0000000090d00000)
 Metaspace       used 217617K, capacity 227890K, committed 228952K, reserved 1249280K
  class space    used 26640K, capacity 28344K, committed 28504K, reserved 1048576K
Event: 2716.011 GC heap after
Heap after GC invocations=65 (full 8):
 PSYoungGen      total 538624K, used 79447K [0x00000000d5580000, 0x0000000100000000, 0x0000000100000000)
  eden space 400896K, 0% used [0x00000000d5580000,0x00000000d5580000,0x00000000edd00000)
  from space 137728K, 57% used [0x00000000edd00000,0x00000000f2a95ee8,0x00000000f6380000)
  to   space 138240K, 0% used [0x00000000f7900000,0x00000000f7900000,0x0000000100000000)
 ParOldGen       total 275456K, used 173954K [0x0000000080000000, 0x0000000090d00000, 0x00000000d5580000)
  object space 275456K, 63% used [0x0000000080000000,0x000000008a9e0830,0x0000000090d00000)
 Metaspace       used 217617K, capacity 227890K, committed 228952K, reserved 1249280K
  class space    used 26640K, capacity 28344K, committed 28504K, reserved 1048576K
}
Event: 2772.146 GC heap before
{Heap before GC invocations=66 (full 8):
 PSYoungGen      total 538624K, used 480092K [0x00000000d5580000, 0x0000000100000000, 0x0000000100000000)
  eden space 400896K, 99% used [0x00000000d5580000,0x00000000edcc1310,0x00000000edd00000)
  from space 137728K, 57% used [0x00000000edd00000,0x00000000f2a95ee8,0x00000000f6380000)
  to   space 138240K, 0% used [0x00000000f7900000,0x00000000f7900000,0x0000000100000000)
 ParOldGen       total 275456K, used 173954K [0x0000000080000000, 0x0000000090d00000, 0x00000000d5580000)
  object space 275456K, 63% used [0x0000000080000000,0x000000008a9e0830,0x0000000090d00000)
 Metaspace       used 217698K, capacity 227908K, committed 228952K, reserved 1249280K
  class space    used 26644K, capacity 28347K, committed 28504K, reserved 1048576K
Event: 2772.517 GC heap after
Heap after GC invocations=66 (full 8):
 PSYoungGen      total 558592K, used 75302K [0x00000000d5580000, 0x00000000ffd80000, 0x0000000100000000)
  eden space 422912K, 0% used [0x00000000d5580000,0x00000000d5580000,0x00000000ef280000)
  from space 135680K, 55% used [0x00000000f7900000,0x00000000fc289938,0x00000000ffd80000)
  to   space 136704K, 0% used [0x00000000ef280000,0x00000000ef280000,0x00000000f7800000)
 ParOldGen       total 275456K, used 173962K [0x0000000080000000, 0x0000000090d00000, 0x00000000d5580000)
  object space 275456K, 63% used [0x0000000080000000,0x000000008a9e2830,0x0000000090d00000)
 Metaspace       used 217698K, capacity 227908K, committed 228952K, reserved 1249280K
  class space    used 26644K, capacity 28347K, committed 28504K, reserved 1048576K
}

