# JRE version: OpenJDK Runtime Environment (8.0_242-b01) (build 1.8.0_242-release-1644-b01)
# Java VM: OpenJDK 64-Bit Server VM (25.242-b01 mixed mode windows-amd64 compressed oops)
Heap:
 PSYoungGen      total 624128K, used 342244K [0x00000000d5580000, 0x0000000100000000, 0x0000000100000000)
  eden space 567808K, 50% used [0x00000000d5580000,0x00000000e6d849d8,0x00000000f8000000)
  from space 56320K, 98% used [0x00000000fc900000,0x00000000fff346f0,0x0000000100000000)
  to   space 65536K, 0% used [0x00000000f8000000,0x00000000f8000000,0x00000000fc000000)
 ParOldGen       total 181248K, used 145746K [0x0000000080000000, 0x000000008b100000, 0x00000000d5580000)
  object space 181248K, 80% used [0x0000000080000000,0x0000000088e548d8,0x000000008b100000)
 Metaspace       used 157213K, capacity 162978K, committed 163416K, reserved 1191936K
  class space    used 20074K, capacity 21268K, committed 21376K, reserved 1048576K
GC Heap History (10 events):
Event: 309.049 GC heap before
{Heap before GC invocations=26 (full 3):
 PSYoungGen      total 660992K, used 319663K [0x00000000d5580000, 0x0000000100000000, 0x0000000100000000)
  eden space 632320K, 46% used [0x00000000d5580000,0x00000000e7219b48,0x00000000fbf00000)
  from space 28672K, 98% used [0x00000000fe400000,0x00000000fff921e8,0x0000000100000000)
  to   space 33280K, 0% used [0x00000000fbf00000,0x00000000fbf00000,0x00000000fdf80000)
 ParOldGen       total 130048K, used 91269K [0x0000000080000000, 0x0000000087f00000, 0x00000000d5580000)
  object space 130048K, 70% used [0x0000000080000000,0x0000000085921550,0x0000000087f00000)
 Metaspace       used 93248K, capacity 98128K, committed 98264K, reserved 1134592K
  class space    used 12485K, capacity 13514K, committed 13568K, reserved 1048576K
Event: 309.137 GC heap after
Heap after GC invocations=26 (full 3):
 PSYoungGen      total 655360K, used 22980K [0x00000000d5580000, 0x0000000100000000, 0x0000000100000000)
  eden space 632320K, 0% used [0x00000000d5580000,0x00000000d5580000,0x00000000fbf00000)
  from space 23040K, 99% used [0x00000000fbf00000,0x00000000fd5713e0,0x00000000fd580000)
  to   space 34816K, 0% used [0x00000000fde00000,0x00000000fde00000,0x0000000100000000)
 ParOldGen       total 130048K, used 94287K [0x0000000080000000, 0x0000000087f00000, 0x00000000d5580000)
  object space 130048K, 72% used [0x0000000080000000,0x0000000085c13de0,0x0000000087f00000)
 Metaspace       used 93248K, capacity 98128K, committed 98264K, reserved 1134592K
  class space    used 12485K, capacity 13514K, committed 13568K, reserved 1048576K
}
Event: 309.137 GC heap before
{Heap before GC invocations=27 (full 4):
 PSYoungGen      total 655360K, used 22980K [0x00000000d5580000, 0x0000000100000000, 0x0000000100000000)
  eden space 632320K, 0% used [0x00000000d5580000,0x00000000d5580000,0x00000000fbf00000)
  from space 23040K, 99% used [0x00000000fbf00000,0x00000000fd5713e0,0x00000000fd580000)
  to   space 34816K, 0% used [0x00000000fde00000,0x00000000fde00000,0x0000000100000000)
 ParOldGen       total 130048K, used 94287K [0x0000000080000000, 0x0000000087f00000, 0x00000000d5580000)
  object space 130048K, 72% used [0x0000000080000000,0x0000000085c13de0,0x0000000087f00000)
 Metaspace       used 93248K, capacity 98128K, committed 98264K, reserved 1134592K
  class space    used 12485K, capacity 13514K, committed 13568K, reserved 1048576K
Event: 309.715 GC heap after
Heap after GC invocations=27 (full 4):
 PSYoungGen      total 655360K, used 0K [0x00000000d5580000, 0x0000000100000000, 0x0000000100000000)
  eden space 632320K, 0% used [0x00000000d5580000,0x00000000d5580000,0x00000000fbf00000)
  from space 23040K, 0% used [0x00000000fbf00000,0x00000000fbf00000,0x00000000fd580000)
  to   space 34816K, 0% used [0x00000000fde00000,0x00000000fde00000,0x0000000100000000)
 ParOldGen       total 181248K, used 69172K [0x0000000080000000, 0x000000008b100000, 0x00000000d5580000)
  object space 181248K, 38% used [0x0000000080000000,0x000000008438d3d8,0x000000008b100000)
 Metaspace       used 93012K, capacity 97444K, committed 98264K, reserved 1134592K
  class space    used 12406K, capacity 13374K, committed 13568K, reserved 1048576K
}
Event: 320.226 GC heap before
{Heap before GC invocations=28 (full 4):
 PSYoungGen      total 655360K, used 632320K [0x00000000d5580000, 0x0000000100000000, 0x0000000100000000)
  eden space 632320K, 100% used [0x00000000d5580000,0x00000000fbf00000,0x00000000fbf00000)
  from space 23040K, 0% used [0x00000000fbf00000,0x00000000fbf00000,0x00000000fd580000)
  to   space 34816K, 0% used [0x00000000fde00000,0x00000000fde00000,0x0000000100000000)
 ParOldGen       total 181248K, used 69172K [0x0000000080000000, 0x000000008b100000, 0x00000000d5580000)
  object space 181248K, 38% used [0x0000000080000000,0x000000008438d3d8,0x000000008b100000)
 Metaspace       used 122579K, capacity 127610K, committed 127832K, reserved 1159168K
  class space    used 16105K, capacity 17178K, committed 17280K, reserved 1048576K
Event: 320.471 GC heap after
Heap after GC invocations=28 (full 4):
 PSYoungGen      total 631296K, used 34789K [0x00000000d5580000, 0x0000000100000000, 0x0000000100000000)
  eden space 596480K, 0% used [0x00000000d5580000,0x00000000d5580000,0x00000000f9c00000)
  from space 34816K, 99% used [0x00000000fde00000,0x00000000ffff9610,0x0000000100000000)
  to   space 51200K, 0% used [0x00000000f9c00000,0x00000000f9c00000,0x00000000fce00000)
 ParOldGen       total 181248K, used 99184K [0x0000000080000000, 0x000000008b100000, 0x00000000d5580000)
  object space 181248K, 54% used [0x0000000080000000,0x00000000860dc178,0x000000008b100000)
 Metaspace       used 122579K, capacity 127610K, committed 127832K, reserved 1159168K
  class space    used 16105K, capacity 17178K, committed 17280K, reserved 1048576K
}
Event: 326.799 GC heap before
{Heap before GC invocations=29 (full 4):
 PSYoungGen      total 631296K, used 631269K [0x00000000d5580000, 0x0000000100000000, 0x0000000100000000)
  eden space 596480K, 100% used [0x00000000d5580000,0x00000000f9c00000,0x00000000f9c00000)
  from space 34816K, 99% used [0x00000000fde00000,0x00000000ffff9610,0x0000000100000000)
  to   space 51200K, 0% used [0x00000000f9c00000,0x00000000f9c00000,0x00000000fce00000)
 ParOldGen       total 181248K, used 99184K [0x0000000080000000, 0x000000008b100000, 0x00000000d5580000)
  object space 181248K, 54% used [0x0000000080000000,0x00000000860dc178,0x000000008b100000)
 Metaspace       used 131054K, capacity 136444K, committed 136664K, reserved 1167360K
  class space    used 16983K, capacity 18123K, committed 18176K, reserved 1048576K
Event: 326.866 GC heap after
Heap after GC invocations=29 (full 4):
 PSYoungGen      total 637952K, used 41272K [0x00000000d5580000, 0x0000000100000000, 0x0000000100000000)
  eden space 596480K, 0% used [0x00000000d5580000,0x00000000d5580000,0x00000000f9c00000)
  from space 41472K, 99% used [0x00000000f9c00000,0x00000000fc44e1e0,0x00000000fc480000)
  to   space 56320K, 0% used [0x00000000fc900000,0x00000000fc900000,0x0000000100000000)
 ParOldGen       total 181248K, used 125863K [0x0000000080000000, 0x000000008b100000, 0x00000000d5580000)
  object space 181248K, 69% used [0x0000000080000000,0x0000000087ae9ca8,0x000000008b100000)
 Metaspace       used 131054K, capacity 136444K, committed 136664K, reserved 1167360K
  class space    used 16983K, capacity 18123K, committed 18176K, reserved 1048576K
}
Event: 1484.253 GC heap before
{Heap before GC invocations=30 (full 4):
 PSYoungGen      total 637952K, used 637752K [0x00000000d5580000, 0x0000000100000000, 0x0000000100000000)
  eden space 596480K, 100% used [0x00000000d5580000,0x00000000f9c00000,0x00000000f9c00000)
  from space 41472K, 99% used [0x00000000f9c00000,0x00000000fc44e1e0,0x00000000fc480000)
  to   space 56320K, 0% used [0x00000000fc900000,0x00000000fc900000,0x0000000100000000)
 ParOldGen       total 181248K, used 125863K [0x0000000080000000, 0x000000008b100000, 0x00000000d5580000)
  object space 181248K, 69% used [0x0000000080000000,0x0000000087ae9ca8,0x000000008b100000)
 Metaspace       used 152830K, capacity 158458K, committed 158680K, reserved 1187840K
  class space    used 19481K, capacity 20658K, committed 20736K, reserved 1048576K
Event: 1485.311 GC heap after
Heap after GC invocations=30 (full 4):
 PSYoungGen      total 624128K, used 55505K [0x00000000d5580000, 0x0000000100000000, 0x0000000100000000)
  eden space 567808K, 0% used [0x00000000d5580000,0x00000000d5580000,0x00000000f8000000)
  from space 56320K, 98% used [0x00000000fc900000,0x00000000fff346f0,0x0000000100000000)
  to   space 65536K, 0% used [0x00000000f8000000,0x00000000f8000000,0x00000000fc000000)
 ParOldGen       total 181248K, used 145746K [0x0000000080000000, 0x000000008b100000, 0x00000000d5580000)
  object space 181248K, 80% used [0x0000000080000000,0x0000000088e548d8,0x000000008b100000)
 Metaspace       used 152830K, capacity 158458K, committed 158680K, reserved 1187840K
  class space    used 19481K, capacity 20658K, committed 20736K, reserved 1048576K
}

