# JRE version: OpenJDK Runtime Environment (8.0_242-b01) (build 1.8.0_242-release-1644-b01)
# Java VM: OpenJDK 64-Bit Server VM (25.242-b01 mixed mode windows-amd64 compressed oops)
Heap:
 PSYoungGen      total 575488K, used 181968K [0x00000000d5580000, 0x0000000100000000, 0x0000000100000000)
  eden space 448512K, 25% used [0x00000000d5580000,0x00000000dc75fd78,0x00000000f0b80000)
  from space 126976K, 51% used [0x00000000f8400000,0x00000000fc3d4430,0x0000000100000000)
  to   space 123392K, 0% used [0x00000000f0b80000,0x00000000f0b80000,0x00000000f8400000)
 ParOldGen       total 233984K, used 193773K [0x0000000080000000, 0x000000008e480000, 0x00000000d5580000)
  object space 233984K, 82% used [0x0000000080000000,0x000000008bd3b588,0x000000008e480000)
 Metaspace       used 216504K, capacity 227824K, committed 228120K, reserved 1247232K
  class space    used 27917K, capacity 30183K, committed 30256K, reserved 1048576K
GC Heap History (10 events):
Event: 442.087 GC heap before
{Heap before GC invocations=51 (full 5):
 PSYoungGen      total 641024K, used 641016K [0x00000000d5580000, 0x0000000100000000, 0x0000000100000000)
  eden space 585216K, 100% used [0x00000000d5580000,0x00000000f9100000,0x00000000f9100000)
  from space 55808K, 99% used [0x00000000f9100000,0x00000000fc77e340,0x00000000fc780000)
  to   space 57856K, 0% used [0x00000000fc780000,0x00000000fc780000,0x0000000100000000)
 ParOldGen       total 233984K, used 98223K [0x0000000080000000, 0x000000008e480000, 0x00000000d5580000)
  object space 233984K, 41% used [0x0000000080000000,0x0000000085febd20,0x000000008e480000)
 Metaspace       used 168889K, capacity 177476K, committed 177816K, reserved 1204224K
  class space    used 21672K, capacity 23385K, committed 23472K, reserved 1048576K
Event: 443.947 GC heap after
Heap after GC invocations=51 (full 5):
 PSYoungGen      total 556032K, used 57854K [0x00000000d5580000, 0x0000000100000000, 0x0000000100000000)
  eden space 498176K, 0% used [0x00000000d5580000,0x00000000d5580000,0x00000000f3c00000)
  from space 57856K, 99% used [0x00000000fc780000,0x00000000fffff920,0x0000000100000000)
  to   space 100352K, 0% used [0x00000000f3c00000,0x00000000f3c00000,0x00000000f9e00000)
 ParOldGen       total 233984K, used 169974K [0x0000000080000000, 0x000000008e480000, 0x00000000d5580000)
  object space 233984K, 72% used [0x0000000080000000,0x000000008a5fd8d8,0x000000008e480000)
 Metaspace       used 168889K, capacity 177476K, committed 177816K, reserved 1204224K
  class space    used 21672K, capacity 23385K, committed 23472K, reserved 1048576K
}
Event: 672.247 GC heap before
{Heap before GC invocations=52 (full 5):
 PSYoungGen      total 556032K, used 556030K [0x00000000d5580000, 0x0000000100000000, 0x0000000100000000)
  eden space 498176K, 100% used [0x00000000d5580000,0x00000000f3c00000,0x00000000f3c00000)
  from space 57856K, 99% used [0x00000000fc780000,0x00000000fffff920,0x0000000100000000)
  to   space 100352K, 0% used [0x00000000f3c00000,0x00000000f3c00000,0x00000000f9e00000)
 ParOldGen       total 233984K, used 169974K [0x0000000080000000, 0x000000008e480000, 0x00000000d5580000)
  object space 233984K, 72% used [0x0000000080000000,0x000000008a5fd8d8,0x000000008e480000)
 Metaspace       used 191732K, capacity 201844K, committed 202008K, reserved 1224704K
  class space    used 24645K, capacity 26646K, committed 26672K, reserved 1048576K
Event: 673.755 GC heap after
Heap after GC invocations=52 (full 5):
 PSYoungGen      total 587776K, used 89442K [0x00000000d5580000, 0x0000000100000000, 0x0000000100000000)
  eden space 498176K, 0% used [0x00000000d5580000,0x00000000d5580000,0x00000000f3c00000)
  from space 89600K, 99% used [0x00000000f3c00000,0x00000000f93588c8,0x00000000f9380000)
  to   space 111104K, 0% used [0x00000000f9380000,0x00000000f9380000,0x0000000100000000)
 ParOldGen       total 233984K, used 169982K [0x0000000080000000, 0x000000008e480000, 0x00000000d5580000)
  object space 233984K, 72% used [0x0000000080000000,0x000000008a5ff8d8,0x000000008e480000)
 Metaspace       used 191732K, capacity 201844K, committed 202008K, reserved 1224704K
  class space    used 24645K, capacity 26646K, committed 26672K, reserved 1048576K
}
Event: 721.222 GC heap before
{Heap before GC invocations=53 (full 5):
 PSYoungGen      total 587776K, used 587618K [0x00000000d5580000, 0x0000000100000000, 0x0000000100000000)
  eden space 498176K, 100% used [0x00000000d5580000,0x00000000f3c00000,0x00000000f3c00000)
  from space 89600K, 99% used [0x00000000f3c00000,0x00000000f93588c8,0x00000000f9380000)
  to   space 111104K, 0% used [0x00000000f9380000,0x00000000f9380000,0x0000000100000000)
 ParOldGen       total 233984K, used 169982K [0x0000000080000000, 0x000000008e480000, 0x00000000d5580000)
  object space 233984K, 72% used [0x0000000080000000,0x000000008a5ff8d8,0x000000008e480000)
 Metaspace       used 196968K, capacity 207380K, committed 207512K, reserved 1228800K
  class space    used 25240K, capacity 27296K, committed 27312K, reserved 1048576K
Event: 722.061 GC heap after
Heap after GC invocations=53 (full 5):
 PSYoungGen      total 580608K, used 72608K [0x00000000d5580000, 0x0000000100000000, 0x0000000100000000)
  eden space 469504K, 0% used [0x00000000d5580000,0x00000000d5580000,0x00000000f2000000)
  from space 111104K, 65% used [0x00000000f9380000,0x00000000fda680e0,0x0000000100000000)
  to   space 114688K, 0% used [0x00000000f2000000,0x00000000f2000000,0x00000000f9000000)
 ParOldGen       total 233984K, used 169990K [0x0000000080000000, 0x000000008e480000, 0x00000000d5580000)
  object space 233984K, 72% used [0x0000000080000000,0x000000008a6018d8,0x000000008e480000)
 Metaspace       used 196968K, capacity 207380K, committed 207512K, reserved 1228800K
  class space    used 25240K, capacity 27296K, committed 27312K, reserved 1048576K
}
Event: 741.015 GC heap before
{Heap before GC invocations=54 (full 5):
 PSYoungGen      total 580608K, used 542112K [0x00000000d5580000, 0x0000000100000000, 0x0000000100000000)
  eden space 469504K, 100% used [0x00000000d5580000,0x00000000f2000000,0x00000000f2000000)
  from space 111104K, 65% used [0x00000000f9380000,0x00000000fda680e0,0x0000000100000000)
  to   space 114688K, 0% used [0x00000000f2000000,0x00000000f2000000,0x00000000f9000000)
 ParOldGen       total 233984K, used 169990K [0x0000000080000000, 0x000000008e480000, 0x00000000d5580000)
  object space 233984K, 72% used [0x0000000080000000,0x000000008a6018d8,0x000000008e480000)
 Metaspace       used 215410K, capacity 226672K, committed 226968K, reserved 1247232K
  class space    used 27804K, capacity 30061K, committed 30128K, reserved 1048576K
Event: 742.597 GC heap after
Heap after GC invocations=54 (full 5):
 PSYoungGen      total 570880K, used 101064K [0x00000000d5580000, 0x0000000100000000, 0x0000000100000000)
  eden space 469504K, 0% used [0x00000000d5580000,0x00000000d5580000,0x00000000f2000000)
  from space 101376K, 99% used [0x00000000f2000000,0x00000000f82b2370,0x00000000f8300000)
  to   space 126976K, 0% used [0x00000000f8400000,0x00000000f8400000,0x0000000100000000)
 ParOldGen       total 233984K, used 169998K [0x0000000080000000, 0x000000008e480000, 0x00000000d5580000)
  object space 233984K, 72% used [0x0000000080000000,0x000000008a6038d8,0x000000008e480000)
 Metaspace       used 215410K, capacity 226672K, committed 226968K, reserved 1247232K
  class space    used 27804K, capacity 30061K, committed 30128K, reserved 1048576K
}
Event: 751.756 GC heap before
{Heap before GC invocations=55 (full 5):
 PSYoungGen      total 570880K, used 570568K [0x00000000d5580000, 0x0000000100000000, 0x0000000100000000)
  eden space 469504K, 100% used [0x00000000d5580000,0x00000000f2000000,0x00000000f2000000)
  from space 101376K, 99% used [0x00000000f2000000,0x00000000f82b2370,0x00000000f8300000)
  to   space 126976K, 0% used [0x00000000f8400000,0x00000000f8400000,0x0000000100000000)
 ParOldGen       total 233984K, used 169998K [0x0000000080000000, 0x000000008e480000, 0x00000000d5580000)
  object space 233984K, 72% used [0x0000000080000000,0x000000008a6038d8,0x000000008e480000)
 Metaspace       used 216266K, capacity 227554K, committed 227864K, reserved 1247232K
  class space    used 27898K, capacity 30182K, committed 30256K, reserved 1048576K
Event: 752.626 GC heap after
Heap after GC invocations=55 (full 5):
 PSYoungGen      total 575488K, used 65361K [0x00000000d5580000, 0x0000000100000000, 0x0000000100000000)
  eden space 448512K, 0% used [0x00000000d5580000,0x00000000d5580000,0x00000000f0b80000)
  from space 126976K, 51% used [0x00000000f8400000,0x00000000fc3d4430,0x0000000100000000)
  to   space 123392K, 0% used [0x00000000f0b80000,0x00000000f0b80000,0x00000000f8400000)
 ParOldGen       total 233984K, used 193773K [0x0000000080000000, 0x000000008e480000, 0x00000000d5580000)
  object space 233984K, 82% used [0x0000000080000000,0x000000008bd3b588,0x000000008e480000)
 Metaspace       used 216266K, capacity 227554K, committed 227864K, reserved 1247232K
  class space    used 27898K, capacity 30182K, committed 30256K, reserved 1048576K
}

