# JRE version: OpenJDK Runtime Environment (8.0_242-b01) (build 1.8.0_242-release-1644-b01)
# Java VM: OpenJDK 64-Bit Server VM (25.242-b01 mixed mode windows-amd64 compressed oops)
Heap:
 PSYoungGen      total 550912K, used 382505K [0x00000000d5580000, 0x00000000ffd80000, 0x0000000100000000)
  eden space 416256K, 90% used [0x00000000d5580000,0x00000000ec640690,0x00000000eec00000)
  from space 134656K, 3% used [0x00000000eec00000,0x00000000ef0c9ec0,0x00000000f6f80000)
  to   space 130048K, 0% used [0x00000000f7e80000,0x00000000f7e80000,0x00000000ffd80000)
 ParOldGen       total 364544K, used 271447K [0x0000000080000000, 0x0000000096400000, 0x00000000d5580000)
  object space 364544K, 74% used [0x0000000080000000,0x0000000090915c08,0x0000000096400000)
 Metaspace       used 316445K, capacity 331020K, committed 331096K, reserved 1337344K
  class space    used 39970K, capacity 42815K, committed 42880K, reserved 1048576K
GC Heap History (10 events):
Event: 3851.341 GC heap before
{Heap before GC invocations=40 (full 7):
 PSYoungGen      total 508928K, used 425513K [0x00000000d5580000, 0x00000000fe700000, 0x0000000100000000)
  eden space 374272K, 100% used [0x00000000d5580000,0x00000000ec300000,0x00000000ec300000)
  from space 134656K, 38% used [0x00000000f6380000,0x00000000f958a6d8,0x00000000fe700000)
  to   space 149504K, 0% used [0x00000000ec300000,0x00000000ec300000,0x00000000f5500000)
 ParOldGen       total 364544K, used 256330K [0x0000000080000000, 0x0000000096400000, 0x00000000d5580000)
  object space 364544K, 70% used [0x0000000080000000,0x000000008fa52898,0x0000000096400000)
 Metaspace       used 292886K, capacity 304580K, committed 304856K, reserved 1314816K
  class space    used 36752K, capacity 39066K, committed 39168K, reserved 1048576K
Event: 3851.459 GC heap after
Heap after GC invocations=40 (full 7):
 PSYoungGen      total 523776K, used 16496K [0x00000000d5580000, 0x0000000100000000, 0x0000000100000000)
  eden space 374272K, 0% used [0x00000000d5580000,0x00000000d5580000,0x00000000ec300000)
  from space 149504K, 11% used [0x00000000ec300000,0x00000000ed31c3b0,0x00000000f5500000)
  to   space 145408K, 0% used [0x00000000f7200000,0x00000000f7200000,0x0000000100000000)
 ParOldGen       total 364544K, used 267415K [0x0000000080000000, 0x0000000096400000, 0x00000000d5580000)
  object space 364544K, 73% used [0x0000000080000000,0x0000000090525fc8,0x0000000096400000)
 Metaspace       used 292886K, capacity 304580K, committed 304856K, reserved 1314816K
  class space    used 36752K, capacity 39066K, committed 39168K, reserved 1048576K
}
Event: 4242.066 GC heap before
{Heap before GC invocations=41 (full 7):
 PSYoungGen      total 523776K, used 390768K [0x00000000d5580000, 0x0000000100000000, 0x0000000100000000)
  eden space 374272K, 100% used [0x00000000d5580000,0x00000000ec300000,0x00000000ec300000)
  from space 149504K, 11% used [0x00000000ec300000,0x00000000ed31c3b0,0x00000000f5500000)
  to   space 145408K, 0% used [0x00000000f7200000,0x00000000f7200000,0x0000000100000000)
 ParOldGen       total 364544K, used 267415K [0x0000000080000000, 0x0000000096400000, 0x00000000d5580000)
  object space 364544K, 73% used [0x0000000080000000,0x0000000090525fc8,0x0000000096400000)
 Metaspace       used 294250K, capacity 307208K, committed 307544K, reserved 1316864K
  class space    used 36967K, capacity 39460K, committed 39552K, reserved 1048576K
Event: 4242.294 GC heap after
Heap after GC invocations=41 (full 7):
 PSYoungGen      total 541184K, used 2163K [0x00000000d5580000, 0x00000000ff800000, 0x0000000100000000)
  eden space 403968K, 0% used [0x00000000d5580000,0x00000000d5580000,0x00000000ee000000)
  from space 137216K, 1% used [0x00000000f7200000,0x00000000f741ce00,0x00000000ff800000)
  to   space 143360K, 0% used [0x00000000ee000000,0x00000000ee000000,0x00000000f6c00000)
 ParOldGen       total 364544K, used 268943K [0x0000000080000000, 0x0000000096400000, 0x00000000d5580000)
  object space 364544K, 73% used [0x0000000080000000,0x00000000906a3e58,0x0000000096400000)
 Metaspace       used 294250K, capacity 307208K, committed 307544K, reserved 1316864K
  class space    used 36967K, capacity 39460K, committed 39552K, reserved 1048576K
}
Event: 4501.050 GC heap before
{Heap before GC invocations=42 (full 7):
 PSYoungGen      total 541184K, used 406131K [0x00000000d5580000, 0x00000000ff800000, 0x0000000100000000)
  eden space 403968K, 100% used [0x00000000d5580000,0x00000000ee000000,0x00000000ee000000)
  from space 137216K, 1% used [0x00000000f7200000,0x00000000f741ce00,0x00000000ff800000)
  to   space 143360K, 0% used [0x00000000ee000000,0x00000000ee000000,0x00000000f6c00000)
 ParOldGen       total 364544K, used 268943K [0x0000000080000000, 0x0000000096400000, 0x00000000d5580000)
  object space 364544K, 73% used [0x0000000080000000,0x00000000906a3e58,0x0000000096400000)
 Metaspace       used 295351K, capacity 308822K, committed 308952K, reserved 1318912K
  class space    used 37103K, capacity 39659K, committed 39680K, reserved 1048576K
Event: 4501.501 GC heap after
Heap after GC invocations=42 (full 7):
 PSYoungGen      total 547328K, used 5016K [0x00000000d5580000, 0x00000000ffe00000, 0x0000000100000000)
  eden space 403968K, 0% used [0x00000000d5580000,0x00000000d5580000,0x00000000ee000000)
  from space 143360K, 3% used [0x00000000ee000000,0x00000000ee4e63c0,0x00000000f6c00000)
  to   space 139264K, 0% used [0x00000000f7600000,0x00000000f7600000,0x00000000ffe00000)
 ParOldGen       total 364544K, used 269634K [0x0000000080000000, 0x0000000096400000, 0x00000000d5580000)
  object space 364544K, 73% used [0x0000000080000000,0x0000000090750b90,0x0000000096400000)
 Metaspace       used 295351K, capacity 308822K, committed 308952K, reserved 1318912K
  class space    used 37103K, capacity 39659K, committed 39680K, reserved 1048576K
}
Event: 4568.910 GC heap before
{Heap before GC invocations=43 (full 7):
 PSYoungGen      total 547328K, used 408984K [0x00000000d5580000, 0x00000000ffe00000, 0x0000000100000000)
  eden space 403968K, 100% used [0x00000000d5580000,0x00000000ee000000,0x00000000ee000000)
  from space 143360K, 3% used [0x00000000ee000000,0x00000000ee4e63c0,0x00000000f6c00000)
  to   space 139264K, 0% used [0x00000000f7600000,0x00000000f7600000,0x00000000ffe00000)
 ParOldGen       total 364544K, used 269634K [0x0000000080000000, 0x0000000096400000, 0x00000000d5580000)
  object space 364544K, 73% used [0x0000000080000000,0x0000000090750b90,0x0000000096400000)
 Metaspace       used 297850K, capacity 311566K, committed 311640K, reserved 1320960K
  class space    used 37394K, capacity 40017K, committed 40064K, reserved 1048576K
Event: 4569.090 GC heap after
Heap after GC invocations=43 (full 7):
 PSYoungGen      total 544256K, used 6155K [0x00000000d5580000, 0x00000000ff300000, 0x0000000100000000)
  eden space 416256K, 0% used [0x00000000d5580000,0x00000000d5580000,0x00000000eec00000)
  from space 128000K, 4% used [0x00000000f7600000,0x00000000f7c02e18,0x00000000ff300000)
  to   space 134656K, 0% used [0x00000000eec00000,0x00000000eec00000,0x00000000f6f80000)
 ParOldGen       total 364544K, used 271439K [0x0000000080000000, 0x0000000096400000, 0x00000000d5580000)
  object space 364544K, 74% used [0x0000000080000000,0x0000000090913c08,0x0000000096400000)
 Metaspace       used 297850K, capacity 311566K, committed 311640K, reserved 1320960K
  class space    used 37394K, capacity 40017K, committed 40064K, reserved 1048576K
}
Event: 4579.331 GC heap before
{Heap before GC invocations=44 (full 7):
 PSYoungGen      total 544256K, used 422411K [0x00000000d5580000, 0x00000000ff300000, 0x0000000100000000)
  eden space 416256K, 100% used [0x00000000d5580000,0x00000000eec00000,0x00000000eec00000)
  from space 128000K, 4% used [0x00000000f7600000,0x00000000f7c02e18,0x00000000ff300000)
  to   space 134656K, 0% used [0x00000000eec00000,0x00000000eec00000,0x00000000f6f80000)
 ParOldGen       total 364544K, used 271439K [0x0000000080000000, 0x0000000096400000, 0x00000000d5580000)
  object space 364544K, 74% used [0x0000000080000000,0x0000000090913c08,0x0000000096400000)
 Metaspace       used 297851K, capacity 311566K, committed 311640K, reserved 1320960K
  class space    used 37394K, capacity 40017K, committed 40064K, reserved 1048576K
Event: 4579.348 GC heap after
Heap after GC invocations=44 (full 7):
 PSYoungGen      total 550912K, used 4903K [0x00000000d5580000, 0x00000000ffd80000, 0x0000000100000000)
  eden space 416256K, 0% used [0x00000000d5580000,0x00000000d5580000,0x00000000eec00000)
  from space 134656K, 3% used [0x00000000eec00000,0x00000000ef0c9ec0,0x00000000f6f80000)
  to   space 130048K, 0% used [0x00000000f7e80000,0x00000000f7e80000,0x00000000ffd80000)
 ParOldGen       total 364544K, used 271447K [0x0000000080000000, 0x0000000096400000, 0x00000000d5580000)
  object space 364544K, 74% used [0x0000000080000000,0x0000000090915c08,0x0000000096400000)
 Metaspace       used 297851K, capacity 311566K, committed 311640K, reserved 1320960K
  class space    used 37394K, capacity 40017K, committed 40064K, reserved 1048576K
}

